[web_app]2022/09/28 - 18:20:48.145	[34minfo[0m	/Users/ge/Documents/code/gopath/app_ws/router/router_base.go:18	register swagger handler
[web_app]2022/09/28 - 18:21:45.250	[34minfo[0m	/Users/ge/Documents/code/gopath/app_ws/main.go:73	Server exiting
[web_app]2022/09/28 - 20:19:49.374	[34minfo[0m	/Users/ge/Documents/code/gopath/app_ws/router/router_base.go:18	register swagger handler
[web_app]2022/09/28 - 20:20:15.851	[34minfo[0m	/Users/ge/Documents/code/gopath/app_ws/main.go:73	Server exiting
[web_app]2022/09/28 - 20:30:58.340	[34minfo[0m	/Users/ge/Documents/code/gopath/app_ws/router/router_base.go:18	register swagger handler
[web_app]2022/09/28 - 20:31:03.232	[34minfo[0m	/Users/ge/Documents/code/gopath/app_ws/main.go:75	Server exiting
[web_app]2022/09/28 - 20:31:34.199	[34minfo[0m	/Users/ge/Documents/code/gopath/app_ws/router/router_base.go:18	register swagger handler
[web_app]2022/09/28 - 20:35:32.060	[34minfo[0m	/Users/ge/Documents/code/gopath/app_ws/main.go:75	Server exiting
[web_app]2022/09/28 - 20:35:36.610	[34minfo[0m	/Users/ge/Documents/code/gopath/app_ws/router/router_base.go:19	register swagger handler
[web_app]2022/09/28 - 20:36:31.444	[34minfo[0m	/Users/ge/Documents/code/gopath/app_ws/main.go:75	Server exiting
[web_app]2022/09/28 - 20:36:35.213	[34minfo[0m	/Users/ge/Documents/code/gopath/app_ws/router/router_base.go:19	register swagger handler
[web_app]2022/09/28 - 20:36:35.213	[34minfo[0m	/Users/ge/Documents/code/gopath/app_ws/router/router_websocket.go:14	register PingRouter handler
[web_app]2022/09/28 - 20:40:45.436	[34minfo[0m	/Users/ge/Documents/code/gopath/app_ws/main.go:75	Server exiting
[web_app]2022/09/28 - 20:40:50.180	[34minfo[0m	/Users/ge/Documents/code/gopath/app_ws/router/router_base.go:18	register swagger handler
[web_app]2022/09/28 - 20:40:50.180	[34minfo[0m	/Users/ge/Documents/code/gopath/app_ws/router/router_websocket.go:13	register NewServer handler
[web_app]2022/09/28 - 20:41:10.037	[34minfo[0m	/Users/ge/Documents/code/gopath/app_ws/main.go:75	Server exiting
[web_app]2022/09/28 - 20:41:13.985	[34minfo[0m	/Users/ge/Documents/code/gopath/app_ws/router/router_base.go:18	register swagger handler
[web_app]2022/09/28 - 20:41:13.986	[34minfo[0m	/Users/ge/Documents/code/gopath/app_ws/router/router_websocket.go:13	register NewServer handler
[web_app]2022/09/28 - 20:41:17.860	[34minfo[0m	/Users/ge/Documents/code/gopath/app_ws/main.go:75	Server exiting
[web_app]2022/09/28 - 20:41:49.156	[34minfo[0m	/Users/ge/Documents/code/gopath/app_ws/router/router_base.go:18	register swagger handler
[web_app]2022/09/28 - 20:41:49.156	[34minfo[0m	/Users/ge/Documents/code/gopath/app_ws/router/router_websocket.go:13	register NewServer handler
[web_app]2022/09/28 - 20:42:07.874	[34minfo[0m	/Users/ge/Documents/code/gopath/app_ws/main.go:75	Server exiting
[web_app]2022/09/28 - 20:42:11.384	[34minfo[0m	/Users/ge/Documents/code/gopath/app_ws/router/router_base.go:18	register swagger handler
[web_app]2022/09/28 - 20:42:11.385	[34minfo[0m	/Users/ge/Documents/code/gopath/app_ws/router/router_websocket.go:13	register NewServer handler
[web_app]2022/09/28 - 20:42:19.058	[34minfo[0m	/Users/ge/Documents/code/gopath/app_ws/main.go:75	Server exiting
[web_app]2022/09/28 - 20:42:54.595	[34minfo[0m	/Users/ge/Documents/code/gopath/app_ws/router/router_base.go:18	register swagger handler
[web_app]2022/09/28 - 20:42:54.595	[34minfo[0m	/Users/ge/Documents/code/gopath/app_ws/router/router_websocket.go:13	register NewServer handler
[web_app]2022/09/28 - 20:43:41.899	[34minfo[0m	/Users/ge/Documents/code/gopath/app_ws/main.go:77	Server exiting
[web_app]2022/09/28 - 20:43:45.433	[34minfo[0m	/Users/ge/Documents/code/gopath/app_ws/router/router_base.go:18	register swagger handler
[web_app]2022/09/28 - 20:43:45.434	[34minfo[0m	/Users/ge/Documents/code/gopath/app_ws/router/router_websocket.go:13	register NewServer handler
[web_app]2022/09/28 - 20:44:39.625	[34minfo[0m	/Users/ge/Documents/code/gopath/app_ws/main.go:77	Server exiting
[web_app]2022/09/28 - 20:44:45.894	[34minfo[0m	/Users/ge/Documents/code/gopath/app_ws/router/router_base.go:18	register swagger handler
[web_app]2022/09/28 - 20:44:45.895	[34minfo[0m	/Users/ge/Documents/code/gopath/app_ws/router/router_websocket.go:13	register NewServer handler
[web_app]2022/09/28 - 20:45:01.556	[34minfo[0m	/Users/ge/Documents/code/gopath/app_ws/main.go:77	Server exiting
[web_app]2022/09/28 - 20:45:05.555	[34minfo[0m	/Users/ge/Documents/code/gopath/app_ws/router/router_base.go:18	register swagger handler
[web_app]2022/09/28 - 20:45:05.556	[34minfo[0m	/Users/ge/Documents/code/gopath/app_ws/router/router_websocket.go:13	register NewServer handler
[web_app]2022/09/28 - 20:45:25.429	[34minfo[0m	/Users/ge/Documents/code/gopath/app_ws/main.go:78	Server exiting
[web_app]2022/09/28 - 20:45:28.913	[34minfo[0m	/Users/ge/Documents/code/gopath/app_ws/router/router_base.go:18	register swagger handler
[web_app]2022/09/28 - 20:45:28.913	[34minfo[0m	/Users/ge/Documents/code/gopath/app_ws/router/router_websocket.go:13	register NewServer handler
[web_app]2022/09/28 - 20:47:05.075	[34minfo[0m	/Users/ge/Documents/code/gopath/app_ws/main.go:78	Server exiting
[web_app]2022/09/28 - 20:47:09.266	[34minfo[0m	/Users/ge/Documents/code/gopath/app_ws/router/router_base.go:18	register swagger handler
[web_app]2022/09/28 - 20:47:09.267	[34minfo[0m	/Users/ge/Documents/code/gopath/app_ws/router/router_websocket.go:13	register NewServer handler
[web_app]2022/09/28 - 20:47:44.306	[34minfo[0m	/Users/ge/Documents/code/gopath/app_ws/main.go:78	Server exiting
[web_app]2022/09/28 - 20:47:48.425	[34minfo[0m	/Users/ge/Documents/code/gopath/app_ws/router/router_base.go:18	register swagger handler
[web_app]2022/09/28 - 20:47:48.429	[34minfo[0m	/Users/ge/Documents/code/gopath/app_ws/router/router_websocket.go:13	register NewServer handler
[web_app]2022/09/28 - 20:49:03.550	[34minfo[0m	/Users/ge/Documents/code/gopath/app_ws/main.go:78	Server exiting
[web_app]2022/09/28 - 20:49:08.284	[34minfo[0m	/Users/ge/Documents/code/gopath/app_ws/router/router_base.go:18	register swagger handler
[web_app]2022/09/28 - 20:49:08.287	[34minfo[0m	/Users/ge/Documents/code/gopath/app_ws/router/router_websocket.go:13	register NewServer handler
[web_app]2022/09/28 - 20:50:27.769	[34minfo[0m	/Users/ge/Documents/code/gopath/app_ws/main.go:78	Server exiting
[web_app]2022/09/28 - 20:50:32.421	[34minfo[0m	/Users/ge/Documents/code/gopath/app_ws/router/router_base.go:17	register swagger handler
[web_app]2022/09/28 - 20:50:32.424	[34minfo[0m	/Users/ge/Documents/code/gopath/app_ws/router/router_websocket.go:13	register NewServer handler
[web_app]2022/09/28 - 20:51:14.278	[34minfo[0m	/Users/ge/Documents/code/gopath/app_ws/main.go:78	Server exiting
[web_app]2022/09/28 - 20:51:18.165	[34minfo[0m	/Users/ge/Documents/code/gopath/app_ws/router/router_base.go:18	register swagger handler
[web_app]2022/09/28 - 20:51:18.168	[34minfo[0m	/Users/ge/Documents/code/gopath/app_ws/router/router_websocket.go:13	register NewServer handler
[web_app]2022/09/28 - 20:51:21.991	[34minfo[0m	/Users/ge/Documents/code/gopath/app_ws/main.go:78	Server exiting
[web_app]2022/09/28 - 20:51:58.550	[34minfo[0m	/Users/ge/Documents/code/gopath/app_ws/router/router_base.go:18	register swagger handler
[web_app]2022/09/28 - 20:51:58.554	[34minfo[0m	/Users/ge/Documents/code/gopath/app_ws/router/router_websocket.go:13	register NewServer handler
[web_app]2022/09/28 - 20:52:19.292	[34minfo[0m	/Users/ge/Documents/code/gopath/app_ws/main.go:78	Server exiting
[web_app]2022/09/28 - 20:52:22.770	[34minfo[0m	/Users/ge/Documents/code/gopath/app_ws/router/router_base.go:18	register swagger handler
[web_app]2022/09/28 - 20:52:22.773	[34minfo[0m	/Users/ge/Documents/code/gopath/app_ws/router/router_websocket.go:13	register NewServer handler
[web_app]2022/09/28 - 20:52:28.367	[34minfo[0m	/Users/ge/Documents/code/gopath/app_ws/main.go:78	Server exiting
[web_app]2022/09/28 - 20:53:00.643	[34minfo[0m	/Users/ge/Documents/code/gopath/app_ws/router/router_base.go:18	register swagger handler
[web_app]2022/09/28 - 20:53:00.646	[34minfo[0m	/Users/ge/Documents/code/gopath/app_ws/router/router_websocket.go:13	register NewServer handler
[web_app]2022/09/28 - 21:21:50.398	[34minfo[0m	/Users/ge/Documents/code/gopath/app_ws/main.go:78	Server exiting
[web_app]2022/09/28 - 21:22:01.447	[34minfo[0m	/Users/ge/Documents/code/gopath/app_ws/router/router_base.go:18	register swagger handler
[web_app]2022/09/28 - 21:22:01.450	[34minfo[0m	/Users/ge/Documents/code/gopath/app_ws/router/router_websocket.go:15	register NewServer handler
[web_app]2022/09/28 - 21:23:30.744	[34minfo[0m	/Users/ge/Documents/code/gopath/app_ws/main.go:78	Server exiting
[web_app]2022/09/28 - 21:23:34.791	[34minfo[0m	/Users/ge/Documents/code/gopath/app_ws/router/router_base.go:18	register swagger handler
[web_app]2022/09/28 - 21:23:34.793	[34minfo[0m	/Users/ge/Documents/code/gopath/app_ws/router/router_websocket.go:15	register NewServer handler
[web_app]2022/09/28 - 21:23:34.794	[34minfo[0m	/Users/ge/Documents/code/gopath/app_ws/main.go:50	:8881
[web_app]2022/09/28 - 21:23:56.279	[34minfo[0m	/Users/ge/Documents/code/gopath/app_ws/main.go:79	Server exiting
[web_app]2022/09/28 - 21:23:59.683	[34minfo[0m	/Users/ge/Documents/code/gopath/app_ws/router/router_base.go:18	register swagger handler
[web_app]2022/09/28 - 21:23:59.687	[34minfo[0m	/Users/ge/Documents/code/gopath/app_ws/router/router_websocket.go:15	register NewServer handler
[web_app]2022/09/28 - 21:23:59.687	[34minfo[0m	/Users/ge/Documents/code/gopath/app_ws/main.go:50	0.0.0.0:8881
[web_app]2022/09/28 - 21:32:17.646	[34minfo[0m	/Users/ge/Documents/code/gopath/app_ws/main.go:79	Server exiting
[web_app]2022/09/28 - 21:33:38.174	[34minfo[0m	/Users/ge/Documents/code/gopath/app_ws/router/router_base.go:18	register swagger handler
[web_app]2022/09/28 - 21:33:38.177	[34minfo[0m	/Users/ge/Documents/code/gopath/app_ws/router/router_websocket.go:15	register NewServer handler
[web_app]2022/09/28 - 21:33:38.177	[34minfo[0m	/Users/ge/Documents/code/gopath/app_ws/main.go:50	0.0.0.0:8881
[web_app]2022/09/28 - 22:09:35.393	[34minfo[0m	/Users/ge/Documents/code/gopath/app_ws/main.go:79	Server exiting
[web_app]2022/09/28 - 22:09:40.159	[34minfo[0m	/Users/ge/Documents/code/gopath/app_ws/router/router_base.go:18	register swagger handler
[web_app]2022/09/28 - 22:09:40.162	[34minfo[0m	/Users/ge/Documents/code/gopath/app_ws/router/router_websocket.go:15	register wsmanage handler
[web_app]2022/09/28 - 22:09:40.163	[34minfo[0m	/Users/ge/Documents/code/gopath/app_ws/main.go:45	0.0.0.0:8881
